<?xml version="1.0" encoding="UTF-8"?>
<!-- Generated by org.testng.reporters.JUnitReportReporter -->
<testsuite hostname="LAPTOP-8KEUHDTP" failures="0" tests="7" name="MyFirstProject.AutomatingUdemy.UdemyTest" time="11.817" errors="0" timestamp="2020-08-04T15:20:15 IST" skipped="0">
  <testcase classname="MyFirstProject.AutomatingUdemy.UdemyTest" name="correctSearchWeb" time="3.618"/>
  <system-out/>
  <testcase classname="MyFirstProject.AutomatingUdemy.UdemyTest" name="filterCheckForLevel" time="0.615"/>
  <system-out/>
  <testcase classname="MyFirstProject.AutomatingUdemy.UdemyTest" name="filterCheckForLanguage" time="0.666"/>
  <system-out/>
  <testcase classname="MyFirstProject.AutomatingUdemy.UdemyTest" name="printConsole" time="2.173"/>
  <system-out/>
  <testcase classname="MyFirstProject.AutomatingUdemy.UdemyTest" name="wrongSearchWeb" time="1.515"/>
  <system-out/>
  <testcase classname="MyFirstProject.AutomatingUdemy.UdemyTest" name="negativeFilterCheckForLevel" time="1.403"/>
  <system-out/>
  <testcase classname="MyFirstProject.AutomatingUdemy.UdemyTest" name="negativeFilterCheckForLanguage2" time="1.827"/>
  <system-out/>
</testsuite> <!-- MyFirstProject.AutomatingUdemy.UdemyTest -->
